<?xml version="1.0" encoding="UTF-8"?>
<testsuite xmlns:xsi="http://www.w3.org/2001/XMLSchema-instance" xsi:noNamespaceSchemaLocation="https://maven.apache.org/surefire/maven-surefire-plugin/xsd/surefire-test-report-3.0.xsd" version="3.0" name="com.p11.books.integration.BookControllerIntegrationTest" time="9.504" tests="9" errors="0" skipped="0" failures="6">
  <properties>
[...]
</properties>
  <testcase name="createBook_returns201" classname="com.p11.books.integration.BookControllerIntegrationTest" time="1.032">
    <failure message="Status expected:&lt;201&gt; but was:&lt;400&gt;" type="java.lang.AssertionError"><![CDATA[java.lang.AssertionError: Status expected:<201> but was:<400>
	at org.springframework.test.util.AssertionErrors.fail(AssertionErrors.java:59)
	at org.springframework.test.util.AssertionErrors.assertEquals(AssertionErrors.java:122)
	at org.springframework.test.web.servlet.result.StatusResultMatchers.lambda$matcher$9(StatusResultMatchers.java:637)
	at org.springframework.test.web.servlet.MockMvc$1.andExpect(MockMvc.java:214)
	at com.p11.books.integration.BookControllerIntegrationTest.createBook_returns201(BookControllerIntegrationTest.java:56)
	at java.base/java.lang.reflect.Method.invoke(Method.java:580)
	at java.base/java.util.ArrayList.forEach(ArrayList.java:1596)
	at java.base/java.util.ArrayList.forEach(ArrayList.java:1596)
]]></failure>
    <system-out><![CDATA[12:00:57.259 [main] INFO org.springframework.test.context.support.AnnotationConfigContextLoaderUtils -- Could not detect default configuration classes for test class [com.p11.books.integration.BookControllerIntegrationTest]: BookControllerIntegrationTest does not declare any static, non-private, non-final, nested classes annotated with @Configuration.
12:00:57.497 [main] INFO org.springframework.boot.test.context.SpringBootTestContextBootstrapper -- Found @SpringBootConfiguration com.p11.books.BankBooksApiDemoApplication for test class com.p11.books.integration.BookControllerIntegrationTest

  .   ____          _            __ _ _
 /\\ / ___'_ __ _ _(_)_ __  __ _ \ \ \ \
( ( )\___ | '_ | '_| | '_ \/ _` | \ \ \ \
 \\/  ___)| |_)| | | | | || (_| |  ) ) ) )
  '  |____| .__|_| |_|_| |_\__, | / / / /
 =========|_|==============|___/=/_/_/_/
 :: Spring Boot ::                (v3.2.0)

2026-02-19 12:00:58 [main] INFO  c.p.b.i.BookControllerIntegrationTest - Starting BookControllerIntegrationTest using Java 21.0.7 with PID 561192 (started by geek in /home/geek/Downloads/bank-masking-project/bank-books-api-demo)
2026-02-19 12:00:58 [main] DEBUG c.p.b.i.BookControllerIntegrationTest - Running with Spring Boot v3.2.0, Spring v6.1.1
2026-02-19 12:00:58 [main] INFO  c.p.b.i.BookControllerIntegrationTest - No active profile set, falling back to 1 default profile: "default"
2026-02-19 12:00:59 [main] INFO  o.s.d.r.c.RepositoryConfigurationDelegate - Bootstrapping Spring Data JPA repositories in DEFAULT mode.
2026-02-19 12:00:59 [main] INFO  o.s.d.r.c.RepositoryConfigurationDelegate - Finished Spring Data repository scanning in 63 ms. Found 1 JPA repository interface.
2026-02-19 12:01:00 [main] INFO  o.h.jpa.internal.util.LogHelper - HHH000204: Processing PersistenceUnitInfo [name: default]
2026-02-19 12:01:00 [main] INFO  org.hibernate.Version - HHH000412: Hibernate ORM core version 6.3.1.Final
2026-02-19 12:01:00 [main] INFO  o.h.c.i.RegionFactoryInitiator - HHH000026: Second-level cache disabled
2026-02-19 12:01:01 [main] INFO  o.s.o.j.p.SpringPersistenceUnitInfo - No LoadTimeWeaver setup: ignoring JPA class transformer
2026-02-19 12:01:01 [main] INFO  com.zaxxer.hikari.HikariDataSource - HikariPool-1 - Starting...
2026-02-19 12:01:01 [main] INFO  com.zaxxer.hikari.pool.HikariPool - HikariPool-1 - Added connection conn0: url=jdbc:h2:mem:booksdb user=SA
2026-02-19 12:01:01 [main] INFO  com.zaxxer.hikari.HikariDataSource - HikariPool-1 - Start completed.
2026-02-19 12:01:01 [main] WARN  org.hibernate.orm.deprecation - HHH90000025: H2Dialect does not need to be specified explicitly using 'hibernate.dialect' (remove the property setting and it will be selected by default)
2026-02-19 12:01:03 [main] INFO  o.h.e.t.j.p.i.JtaPlatformInitiator - HHH000489: No JTA platform available (set 'hibernate.transaction.jta.platform' to enable JTA platform integration)
2026-02-19 12:01:03 [main] INFO  o.s.o.j.LocalContainerEntityManagerFactoryBean - Initialized JPA EntityManagerFactory for persistence unit 'default'
2026-02-19 12:01:03 [main] WARN  o.s.b.a.o.j.JpaBaseConfiguration$JpaWebConfiguration - spring.jpa.open-in-view is enabled by default. Therefore, database queries may be performed during view rendering. Explicitly configure spring.jpa.open-in-view to disable this warning
2026-02-19 12:01:04 [main] INFO  o.s.b.a.h.H2ConsoleAutoConfiguration - H2 console available at '/h2-console'. Database available at 'jdbc:h2:mem:booksdb'
2026-02-19 12:01:04 [main] INFO  o.s.b.t.m.w.SpringBootMockServletContext - Initializing Spring TestDispatcherServlet ''
2026-02-19 12:01:04 [main] INFO  o.s.t.w.s.TestDispatcherServlet - Initializing Servlet ''
2026-02-19 12:01:04 [main] INFO  o.s.t.w.s.TestDispatcherServlet - Completed initialization in 1 ms
2026-02-19 12:01:04 [main] INFO  c.p.b.i.BookControllerIntegrationTest - Started BookControllerIntegrationTest in 7.019 seconds (process running for 8.963)

MockHttpServletRequest:
      HTTP Method = POST
      Request URI = /api/v1/books
       Parameters = {}
          Headers = [Content-Type:"application/json;charset=UTF-8", Content-Length:"144"]
             Body = {"id":null,"title":"Clean Code","author":"Robert Martin","email":"robe**************","phoneNumber":"+25**********","publisher":"Prentice Hall"}
    Session Attrs = {}

Handler:
             Type = com.p11.books.controller.BookController
           Method = com.p11.books.controller.BookController#create(BookDto)

Async:
    Async started = false
     Async result = null

Resolved Exception:
             Type = org.springframework.web.bind.MethodArgumentNotValidException

ModelAndView:
        View name = null
             View = null
            Model = null

FlashMap:
       Attributes = null

MockHttpServletResponse:
           Status = 400
    Error message = null
          Headers = [Content-Type:"application/json"]
     Content type = application/json
             Body = {"status":400,"message":"Validation failed: Invalid email format","timestamp":[2026,2,19,12,1,5,867644301]}
    Forwarded URL = null
   Redirected URL = null
          Cookies = []
]]></system-out>
    <system-err><![CDATA[WARNING: A Java agent has been loaded dynamically (/home/geek/.m2/repository/net/bytebuddy/byte-buddy-agent/1.14.10/byte-buddy-agent-1.14.10.jar)
WARNING: If a serviceability tool is in use, please run with -XX:+EnableDynamicAgentLoading to hide this warning
WARNING: If a serviceability tool is not in use, please run with -Djdk.instrument.traceUsage for more information
WARNING: Dynamic loading of agents will be disallowed by default in a future release
]]></system-err>
  </testcase>
  <testcase name="updateBook_returns200" classname="com.p11.books.integration.BookControllerIntegrationTest" time="0.012">
    <failure message="Status expected:&lt;201&gt; but was:&lt;400&gt;" type="java.lang.AssertionError"><![CDATA[java.lang.AssertionError: Status expected:<201> but was:<400>
	at org.springframework.test.util.AssertionErrors.fail(AssertionErrors.java:59)
	at org.springframework.test.util.AssertionErrors.assertEquals(AssertionErrors.java:122)
	at org.springframework.test.web.servlet.result.StatusResultMatchers.lambda$matcher$9(StatusResultMatchers.java:637)
	at org.springframework.test.web.servlet.MockMvc$1.andExpect(MockMvc.java:214)
	at com.p11.books.integration.BookControllerIntegrationTest.createTestBook(BookControllerIntegrationTest.java:170)
	at com.p11.books.integration.BookControllerIntegrationTest.updateBook_returns200(BookControllerIntegrationTest.java:113)
	at java.base/java.lang.reflect.Method.invoke(Method.java:580)
	at java.base/java.util.ArrayList.forEach(ArrayList.java:1596)
	at java.base/java.util.ArrayList.forEach(ArrayList.java:1596)
]]></failure>
    <system-out><![CDATA[
MockHttpServletRequest:
      HTTP Method = POST
      Request URI = /api/v1/books
       Parameters = {}
          Headers = [Content-Type:"application/json;charset=UTF-8", Content-Length:"140"]
             Body = {"id":null,"title":"Test Book","author":"Test Author","email":"test************","phoneNumber":"+25**********","publisher":"Test Publisher"}
    Session Attrs = {}

Handler:
             Type = com.p11.books.controller.BookController
           Method = com.p11.books.controller.BookController#create(BookDto)

Async:
    Async started = false
     Async result = null

Resolved Exception:
             Type = org.springframework.web.bind.MethodArgumentNotValidException

ModelAndView:
        View name = null
             View = null
            Model = null

FlashMap:
       Attributes = null

MockHttpServletResponse:
           Status = 400
    Error message = null
          Headers = [Content-Type:"application/json"]
     Content type = application/json
             Body = {"status":400,"message":"Validation failed: Invalid email format","timestamp":[2026,2,19,12,1,5,927235536]}
    Forwarded URL = null
   Redirected URL = null
          Cookies = []
]]></system-out>
  </testcase>
  <testcase name="updateBook_returns404" classname="com.p11.books.integration.BookControllerIntegrationTest" time="0.015">
    <failure message="Status expected:&lt;404&gt; but was:&lt;400&gt;" type="java.lang.AssertionError"><![CDATA[java.lang.AssertionError: Status expected:<404> but was:<400>
	at org.springframework.test.util.AssertionErrors.fail(AssertionErrors.java:59)
	at org.springframework.test.util.AssertionErrors.assertEquals(AssertionErrors.java:122)
	at org.springframework.test.web.servlet.result.StatusResultMatchers.lambda$matcher$9(StatusResultMatchers.java:637)
	at org.springframework.test.web.servlet.MockMvc$1.andExpect(MockMvc.java:214)
	at com.p11.books.integration.BookControllerIntegrationTest.updateBook_returns404(BookControllerIntegrationTest.java:133)
	at java.base/java.lang.reflect.Method.invoke(Method.java:580)
	at java.base/java.util.ArrayList.forEach(ArrayList.java:1596)
	at java.base/java.util.ArrayList.forEach(ArrayList.java:1596)
]]></failure>
    <system-out><![CDATA[
MockHttpServletRequest:
      HTTP Method = PUT
      Request URI = /api/v1/books/999999
       Parameters = {}
          Headers = [Content-Type:"application/json;charset=UTF-8", Content-Length:"88"]
             Body = {"id":null,"title":"T","author":"A","email":"e******","phoneNumber":"*","publisher":"P"}
    Session Attrs = {}

Handler:
             Type = com.p11.books.controller.BookController
           Method = com.p11.books.controller.BookController#update(Long, BookDto)

Async:
    Async started = false
     Async result = null

Resolved Exception:
             Type = org.springframework.web.bind.MethodArgumentNotValidException

ModelAndView:
        View name = null
             View = null
            Model = null

FlashMap:
       Attributes = null

MockHttpServletResponse:
           Status = 400
    Error message = null
          Headers = [Content-Type:"application/json"]
     Content type = application/json
             Body = {"status":400,"message":"Validation failed: Invalid email format","timestamp":[2026,2,19,12,1,5,944052228]}
    Forwarded URL = null
   Redirected URL = null
          Cookies = []
]]></system-out>
  </testcase>
  <testcase name="findById_returns404" classname="com.p11.books.integration.BookControllerIntegrationTest" time="0.025">
    <system-out><![CDATA[2026-02-19 12:01:05 [main] DEBUG com.p11.books.service.BookService - Fetching book with id: 999999
2026-02-19 12:01:05 [main] WARN  c.p.b.e.GlobalExceptionHandler - Resource not found: Book not found with id: 999999
]]></system-out>
  </testcase>
  <testcase name="findAll_returnsBooks" classname="com.p11.books.integration.BookControllerIntegrationTest" time="0.013">
    <failure message="Status expected:&lt;201&gt; but was:&lt;400&gt;" type="java.lang.AssertionError"><![CDATA[java.lang.AssertionError: Status expected:<201> but was:<400>
	at org.springframework.test.util.AssertionErrors.fail(AssertionErrors.java:59)
	at org.springframework.test.util.AssertionErrors.assertEquals(AssertionErrors.java:122)
	at org.springframework.test.web.servlet.result.StatusResultMatchers.lambda$matcher$9(StatusResultMatchers.java:637)
	at org.springframework.test.web.servlet.MockMvc$1.andExpect(MockMvc.java:214)
	at com.p11.books.integration.BookControllerIntegrationTest.createTestBook(BookControllerIntegrationTest.java:170)
	at com.p11.books.integration.BookControllerIntegrationTest.findAll_returnsBooks(BookControllerIntegrationTest.java:99)
	at java.base/java.lang.reflect.Method.invoke(Method.java:580)
	at java.base/java.util.ArrayList.forEach(ArrayList.java:1596)
	at java.base/java.util.ArrayList.forEach(ArrayList.java:1596)
]]></failure>
    <system-out><![CDATA[
MockHttpServletRequest:
      HTTP Method = POST
      Request URI = /api/v1/books
       Parameters = {}
          Headers = [Content-Type:"application/json;charset=UTF-8", Content-Length:"140"]
             Body = {"id":null,"title":"Test Book","author":"Test Author","email":"test************","phoneNumber":"+25**********","publisher":"Test Publisher"}
    Session Attrs = {}

Handler:
             Type = com.p11.books.controller.BookController
           Method = com.p11.books.controller.BookController#create(BookDto)

Async:
    Async started = false
     Async result = null

Resolved Exception:
             Type = org.springframework.web.bind.MethodArgumentNotValidException

ModelAndView:
        View name = null
             View = null
            Model = null

FlashMap:
       Attributes = null

MockHttpServletResponse:
           Status = 400
    Error message = null
          Headers = [Content-Type:"application/json"]
     Content type = application/json
             Body = {"status":400,"message":"Validation failed: Invalid email format","timestamp":[2026,2,19,12,1,5,985462286]}
    Forwarded URL = null
   Redirected URL = null
          Cookies = []
]]></system-out>
  </testcase>
  <testcase name="findById_returnsBook" classname="com.p11.books.integration.BookControllerIntegrationTest" time="0.013">
    <failure message="Status expected:&lt;201&gt; but was:&lt;400&gt;" type="java.lang.AssertionError"><![CDATA[java.lang.AssertionError: Status expected:<201> but was:<400>
	at org.springframework.test.util.AssertionErrors.fail(AssertionErrors.java:59)
	at org.springframework.test.util.AssertionErrors.assertEquals(AssertionErrors.java:122)
	at org.springframework.test.web.servlet.result.StatusResultMatchers.lambda$matcher$9(StatusResultMatchers.java:637)
	at org.springframework.test.web.servlet.MockMvc$1.andExpect(MockMvc.java:214)
	at com.p11.books.integration.BookControllerIntegrationTest.createTestBook(BookControllerIntegrationTest.java:170)
	at com.p11.books.integration.BookControllerIntegrationTest.findById_returnsBook(BookControllerIntegrationTest.java:81)
	at java.base/java.lang.reflect.Method.invoke(Method.java:580)
	at java.base/java.util.ArrayList.forEach(ArrayList.java:1596)
	at java.base/java.util.ArrayList.forEach(ArrayList.java:1596)
]]></failure>
    <system-out><![CDATA[
MockHttpServletRequest:
      HTTP Method = POST
      Request URI = /api/v1/books
       Parameters = {}
          Headers = [Content-Type:"application/json;charset=UTF-8", Content-Length:"140"]
             Body = {"id":null,"title":"Test Book","author":"Test Author","email":"test************","phoneNumber":"+25**********","publisher":"Test Publisher"}
    Session Attrs = {}

Handler:
             Type = com.p11.books.controller.BookController
           Method = com.p11.books.controller.BookController#create(BookDto)

Async:
    Async started = false
     Async result = null

Resolved Exception:
             Type = org.springframework.web.bind.MethodArgumentNotValidException

ModelAndView:
        View name = null
             View = null
            Model = null

FlashMap:
       Attributes = null

MockHttpServletResponse:
           Status = 400
    Error message = null
          Headers = [Content-Type:"application/json"]
     Content type = application/json
             Body = {"status":400,"message":"Validation failed: Invalid email format","timestamp":[2026,2,19,12,1,6,549087]}
    Forwarded URL = null
   Redirected URL = null
          Cookies = []
]]></system-out>
  </testcase>
  <testcase name="createBook_returns400_forInvalidInput" classname="com.p11.books.integration.BookControllerIntegrationTest" time="0.01"/>
  <testcase name="deleteBook_returns204" classname="com.p11.books.integration.BookControllerIntegrationTest" time="0.011">
    <failure message="Status expected:&lt;201&gt; but was:&lt;400&gt;" type="java.lang.AssertionError"><![CDATA[java.lang.AssertionError: Status expected:<201> but was:<400>
	at org.springframework.test.util.AssertionErrors.fail(AssertionErrors.java:59)
	at org.springframework.test.util.AssertionErrors.assertEquals(AssertionErrors.java:122)
	at org.springframework.test.web.servlet.result.StatusResultMatchers.lambda$matcher$9(StatusResultMatchers.java:637)
	at org.springframework.test.web.servlet.MockMvc$1.andExpect(MockMvc.java:214)
	at com.p11.books.integration.BookControllerIntegrationTest.createTestBook(BookControllerIntegrationTest.java:170)
	at com.p11.books.integration.BookControllerIntegrationTest.deleteBook_returns204(BookControllerIntegrationTest.java:143)
	at java.base/java.lang.reflect.Method.invoke(Method.java:580)
	at java.base/java.util.ArrayList.forEach(ArrayList.java:1596)
	at java.base/java.util.ArrayList.forEach(ArrayList.java:1596)
]]></failure>
    <system-out><![CDATA[
MockHttpServletRequest:
      HTTP Method = POST
      Request URI = /api/v1/books
       Parameters = {}
          Headers = [Content-Type:"application/json;charset=UTF-8", Content-Length:"140"]
             Body = {"id":null,"title":"Test Book","author":"Test Author","email":"test************","phoneNumber":"+25**********","publisher":"Test Publisher"}
    Session Attrs = {}

Handler:
             Type = com.p11.books.controller.BookController
           Method = com.p11.books.controller.BookController#create(BookDto)

Async:
    Async started = false
     Async result = null

Resolved Exception:
             Type = org.springframework.web.bind.MethodArgumentNotValidException

ModelAndView:
        View name = null
             View = null
            Model = null

FlashMap:
       Attributes = null

MockHttpServletResponse:
           Status = 400
    Error message = null
          Headers = [Content-Type:"application/json"]
     Content type = application/json
             Body = {"status":400,"message":"Validation failed: Invalid email format","timestamp":[2026,2,19,12,1,6,27535937]}
    Forwarded URL = null
   Redirected URL = null
          Cookies = []
]]></system-out>
  </testcase>
  <testcase name="deleteBook_returns404" classname="com.p11.books.integration.BookControllerIntegrationTest" time="0.361">
    <system-out><![CDATA[2026-02-19 12:01:06 [main] INFO  com.p11.books.service.BookService - Deleting book with id: 999999
2026-02-19 12:01:06 [main] WARN  c.p.b.e.GlobalExceptionHandler - Resource not found: Book not found with id: 999999
]]></system-out>
  </testcase>
</testsuite>